
herencias: system execution failed.
Following is the set of recorded exceptions:

-------------------------------------------------------------------------------
Class / Object      Routine                Nature of exception           Effect
-------------------------------------------------------------------------------
PERSONA             cambiar_edad @1        edad_positiva:               
<0000023A5B4B55E8>                         Precondition violated.        Fail
-------------------------------------------------------------------------------
APPLICATION         make @38                                            
<0000023A5B4B55A8>                         Routine failure.              Fail
-------------------------------------------------------------------------------
APPLICATION         root's creation                                     
<0000023A5B4B55A8>                         Routine failure.              Exit
-------------------------------------------------------------------------------

herencias: system execution failed.
Following is the set of recorded exceptions:

-------------------------------------------------------------------------------
Class / Object      Routine                Nature of exception           Effect
-------------------------------------------------------------------------------
PERSONA             cambiar_edad @3        mas_viejo:                   
<000001DC5C3B55E8>                         Postcondition violated.       Fail
-------------------------------------------------------------------------------
PERSONA             cambiar_edad @3                                     
<000001DC5C3B55E8>                         Routine failure.              Fail
-------------------------------------------------------------------------------
APPLICATION         make @38                                            
<000001DC5C3B55A8>                         Routine failure.              Fail
-------------------------------------------------------------------------------
APPLICATION         root's creation                                     
<000001DC5C3B55A8>                         Routine failure.              Exit
-------------------------------------------------------------------------------
PERSONA             cambiar_edad @3        mas_viejo:                   
<000001DC5C3B55E8>                         Postcondition violated.       Exit
-------------------------------------------------------------------------------
PERSONA             cambiar_edad @3                                     
<000001DC5C3B55E8>                         Routine failure.              Exit
-------------------------------------------------------------------------------
APPLICATION         make @41                                            
<000001DC5C3B55A8>                         Routine failure.              Exit
-------------------------------------------------------------------------------
APPLICATION         root's creation                                     
<000001DC5C3B55A8>                         Routine failure.              Exit
-------------------------------------------------------------------------------

herencias: system execution failed.
Following is the set of recorded exceptions:

-------------------------------------------------------------------------------
Class / Object      Routine                Nature of exception           Effect
-------------------------------------------------------------------------------
PERSONA             cambiar_edad @1        edad_positiva:               
<0000028C89F085E8>                         Precondition violated.        Fail
-------------------------------------------------------------------------------
APPLICATION         make @38                                            
<0000028C89F085A8>                         Routine failure.              Fail
-------------------------------------------------------------------------------
APPLICATION         root's creation                                     
<0000028C89F085A8>                         Routine failure.              Exit
-------------------------------------------------------------------------------

herencias: system execution failed.
Following is the set of recorded exceptions:

-------------------------------------------------------------------------------
Class / Object      Routine                Nature of exception           Effect
-------------------------------------------------------------------------------
PERSONA             cambiar_edad @3        mas_viejo:                   
<0000018B2CC575E8>                         Postcondition violated.       Fail
-------------------------------------------------------------------------------
PERSONA             cambiar_edad @3                                     
<0000018B2CC575E8>                         Routine failure.              Fail
-------------------------------------------------------------------------------
APPLICATION         make @39                                            
<0000018B2CC575A8>                         Routine failure.              Fail
-------------------------------------------------------------------------------
APPLICATION         root's creation                                     
<0000018B2CC575A8>                         Routine failure.              Exit
-------------------------------------------------------------------------------

herencias: system execution failed.
Following is the set of recorded exceptions:

-------------------------------------------------------------------------------
Class / Object      Routine                Nature of exception           Effect
-------------------------------------------------------------------------------
PERSONA             cambiar_edad @1        edad_positiva:               
<000002993FB5D5E8>                         Precondition violated.        Fail
-------------------------------------------------------------------------------
APPLICATION         make @38                                            
<000002993FB5D5A8>                         Routine failure.              Fail
-------------------------------------------------------------------------------
APPLICATION         root's creation                                     
<000002993FB5D5A8>                         Routine failure.              Exit
-------------------------------------------------------------------------------

herencias: system execution failed.
Following is the set of recorded exceptions:

-------------------------------------------------------------------------------
Class / Object      Routine                Nature of exception           Effect
-------------------------------------------------------------------------------
PERSONA             cambiar_edad @3        mas_viejo:                   
<000001DED41A05E8>                         Postcondition violated.       Fail
-------------------------------------------------------------------------------
PERSONA             cambiar_edad @3                                     
<000001DED41A05E8>                         Routine failure.              Fail
-------------------------------------------------------------------------------
APPLICATION         make @38                                            
<000001DED41A05A8>                         Routine failure.              Fail
-------------------------------------------------------------------------------
APPLICATION         root's creation                                     
<000001DED41A05A8>                         Routine failure.              Exit
-------------------------------------------------------------------------------
PERSONA             cambiar_edad @3        mas_viejo:                   
<000001DED41A05E8>                         Postcondition violated.       Exit
-------------------------------------------------------------------------------
PERSONA             cambiar_edad @3                                     
<000001DED41A05E8>                         Routine failure.              Exit
-------------------------------------------------------------------------------
APPLICATION         make @40                                            
<000001DED41A05A8>                         Routine failure.              Exit
-------------------------------------------------------------------------------
APPLICATION         root's creation                                     
<000001DED41A05A8>                         Routine failure.              Exit
-------------------------------------------------------------------------------

herencias: system execution failed.
Following is the set of recorded exceptions:

-------------------------------------------------------------------------------
Class / Object      Routine                Nature of exception           Effect
-------------------------------------------------------------------------------
PERSONA             cambiar_edad @3        mas_viejo:                   
<00000293081D65E8>                         Postcondition violated.       Fail
-------------------------------------------------------------------------------
PERSONA             cambiar_edad @3                                     
<00000293081D65E8>                         Routine failure.              Fail
-------------------------------------------------------------------------------
APPLICATION         make @38                                            
<00000293081D65A8>                         Routine failure.              Fail
-------------------------------------------------------------------------------
APPLICATION         root's creation                                     
<00000293081D65A8>                         Routine failure.              Exit
-------------------------------------------------------------------------------

herencias: system execution failed.
Following is the set of recorded exceptions:

-------------------------------------------------------------------------------
Class / Object      Routine                Nature of exception           Effect
-------------------------------------------------------------------------------
PERSONA             cambiar_edad @1        edad_positiva:               
<000001F3688035E8>                         Precondition violated.        Fail
-------------------------------------------------------------------------------
APPLICATION         make @38                                            
<000001F3688035A8>                         Routine failure.              Fail
-------------------------------------------------------------------------------
APPLICATION         root's creation                                     
<000001F3688035A8>                         Routine failure.              Exit
-------------------------------------------------------------------------------
